=/pretest.json
{
  _: [],
  f: [
    '/home/runner/work/exp-tries-and-suffix-iiith/exp-tries-and-suffix-iiith/experiment/pretest.json'
  ],
  files: [
    '/home/runner/work/exp-tries-and-suffix-iiith/exp-tries-and-suffix-iiith/experiment/pretest.json'
  ],
  c: 'assessment',
  contentTypes: 'assessment',
  'content-types': 'assessment',
  '$0': 'validate'
}
Validated true
=/searching-in-tries/searching-in-tries-quiz.json
{
  _: [],
  f: [
    '/home/runner/work/exp-tries-and-suffix-iiith/exp-tries-and-suffix-iiith/experiment/searching-in-tries/searching-in-tries-quiz.json'
  ],
  files: [
    '/home/runner/work/exp-tries-and-suffix-iiith/exp-tries-and-suffix-iiith/experiment/searching-in-tries/searching-in-tries-quiz.json'
  ],
  c: 'assessment',
  contentTypes: 'assessment',
  'content-types': 'assessment',
  '$0': 'validate'
}
Validated true
=/inserting-into-tries/insertion-in-tries-quiz.json
{
  _: [],
  f: [
    '/home/runner/work/exp-tries-and-suffix-iiith/exp-tries-and-suffix-iiith/experiment/inserting-into-tries/insertion-in-tries-quiz.json'
  ],
  files: [
    '/home/runner/work/exp-tries-and-suffix-iiith/exp-tries-and-suffix-iiith/experiment/inserting-into-tries/insertion-in-tries-quiz.json'
  ],
  c: 'assessment',
  contentTypes: 'assessment',
  'content-types': 'assessment',
  '$0': 'validate'
}
Validated true
=/posttest.json
{
  _: [],
  f: [
    '/home/runner/work/exp-tries-and-suffix-iiith/exp-tries-and-suffix-iiith/experiment/posttest.json'
  ],
  files: [
    '/home/runner/work/exp-tries-and-suffix-iiith/exp-tries-and-suffix-iiith/experiment/posttest.json'
  ],
  c: 'assessment',
  contentTypes: 'assessment',
  'content-types': 'assessment',
  '$0': 'validate'
}
Validated true
