feedback.html     http://outreach.vlabs.ac.in/
further-reading-and-references.html     http://outreach.vlabs.ac.in/
index.html     http://outreach.vlabs.ac.in/
overview.html     http://outreach.vlabs.ac.in/
performance-report.html     http://vlab.co.in
posttest.html     http://outreach.vlabs.ac.in/
pretest.html     http://outreach.vlabs.ac.in/
recap.html     http://outreach.vlabs.ac.in/
validator-report.html     http://vlab.co.in
inserting-into-tries/how to-insert.html     http://outreach.vlabs.ac.in/
inserting-into-tries/index.html     http://outreach.vlabs.ac.in/
inserting-into-tries/insertion-in-tries-quiz.html     http://outreach.vlabs.ac.in/
inserting-into-tries/path-compression.html     http://outreach.vlabs.ac.in/
searching-in-tries/basic-concept.html     http://outreach.vlabs.ac.in/
searching-in-tries/index.html     http://outreach.vlabs.ac.in/
searching-in-tries/search-algorithm.html     http://outreach.vlabs.ac.in/
searching-in-tries/searching-in-tries-quiz.html     http://outreach.vlabs.ac.in/
suffix-tries/index.html     http://outreach.vlabs.ac.in/
suffix-tries/overview.html     http://outreach.vlabs.ac.in/
suffix-tries/suffix-tries-motivation.html     http://outreach.vlabs.ac.in/
inserting-into-tries/simulation/docs/index.html     http://validator.w3.org/check?uri=referer
inserting-into-tries/simulation/docs/sitemap.html     http://validator.w3.org/check?uri=referer
searching-in-tries/simulation/docs/index.html     http://validator.w3.org/check?uri=referer
searching-in-tries/simulation/docs/sitemap.html     http://validator.w3.org/check?uri=referer
suffix-tries/simulation/docs/index.html     http://validator.w3.org/check?uri=referer
suffix-tries/simulation/docs/sitemap.html     http://validator.w3.org/check?uri=referer
inserting-into-tries/simulation/docs/org-templates/level-0.html     http://validator.w3.org/check?uri=referer
inserting-into-tries/simulation/docs/org-templates/level-1.html     http://validator.w3.org/check?uri=referer
inserting-into-tries/simulation/docs/org-templates/level-2.html     http://validator.w3.org/check?uri=referer
inserting-into-tries/simulation/docs/org-templates/level-3.html     http://validator.w3.org/check?uri=referer
inserting-into-tries/simulation/docs/org-templates/level-4.html     http://validator.w3.org/check?uri=referer
inserting-into-tries/simulation/docs/org-templates/level-5.html     http://validator.w3.org/check?uri=referer
inserting-into-tries/simulation/docs/org-templates/tex-macros.html     http://validator.w3.org/check?uri=referer
searching-in-tries/simulation/docs/org-templates/level-0.html     http://validator.w3.org/check?uri=referer
searching-in-tries/simulation/docs/org-templates/level-1.html     http://validator.w3.org/check?uri=referer
searching-in-tries/simulation/docs/org-templates/level-2.html     http://validator.w3.org/check?uri=referer
searching-in-tries/simulation/docs/org-templates/level-3.html     http://validator.w3.org/check?uri=referer
searching-in-tries/simulation/docs/org-templates/level-4.html     http://validator.w3.org/check?uri=referer
searching-in-tries/simulation/docs/org-templates/level-5.html     http://validator.w3.org/check?uri=referer
searching-in-tries/simulation/docs/org-templates/tex-macros.html     http://validator.w3.org/check?uri=referer
suffix-tries/simulation/docs/org-templates/level-0.html     http://validator.w3.org/check?uri=referer
suffix-tries/simulation/docs/org-templates/level-1.html     http://validator.w3.org/check?uri=referer
suffix-tries/simulation/docs/org-templates/level-2.html     http://validator.w3.org/check?uri=referer
suffix-tries/simulation/docs/org-templates/level-3.html     http://validator.w3.org/check?uri=referer
suffix-tries/simulation/docs/org-templates/level-4.html     http://validator.w3.org/check?uri=referer
suffix-tries/simulation/docs/org-templates/level-5.html     http://validator.w3.org/check?uri=referer
suffix-tries/simulation/docs/org-templates/tex-macros.html     http://validator.w3.org/check?uri=referer
inserting-into-tries/simulation/docs/runtime/css/style_main.html     http://validator.w3.org/check?uri=referer
inserting-into-tries/simulation/docs/runtime/html/insert_exercise.html     http://validator.w3.org/check?uri=referer
inserting-into-tries/simulation/docs/runtime/html/search_exercise.html     http://validator.w3.org/check?uri=referer
inserting-into-tries/simulation/docs/runtime/html/search_practice.html     http://validator.w3.org/check?uri=referer
inserting-into-tries/simulation/docs/runtime/html/suffix_demo.html     http://validator.w3.org/check?uri=referer
inserting-into-tries/simulation/docs/runtime/html/tries_demo.html     http://validator.w3.org/check?uri=referer
inserting-into-tries/simulation/docs/runtime/js/insert_ex.html     http://validator.w3.org/check?uri=referer
inserting-into-tries/simulation/docs/runtime/js/realization-catalog.html     http://validator.w3.org/check?uri=referer
inserting-into-tries/simulation/docs/runtime/js/search_ex.html     http://validator.w3.org/check?uri=referer
inserting-into-tries/simulation/docs/runtime/js/search_pr.html     http://validator.w3.org/check?uri=referer
inserting-into-tries/simulation/docs/runtime/js/suffix_dm.html     http://validator.w3.org/check?uri=referer
inserting-into-tries/simulation/docs/runtime/js/tries_main.html     http://validator.w3.org/check?uri=referer
searching-in-tries/simulation/docs/runtime/css/style_main.html     http://validator.w3.org/check?uri=referer
searching-in-tries/simulation/docs/runtime/html/insert_exercise.html     http://validator.w3.org/check?uri=referer
searching-in-tries/simulation/docs/runtime/html/search_exercise.html     http://validator.w3.org/check?uri=referer
searching-in-tries/simulation/docs/runtime/html/search_practice.html     http://validator.w3.org/check?uri=referer
searching-in-tries/simulation/docs/runtime/html/suffix_demo.html     http://validator.w3.org/check?uri=referer
searching-in-tries/simulation/docs/runtime/html/tries_demo.html     http://validator.w3.org/check?uri=referer
searching-in-tries/simulation/docs/runtime/js/insert_ex.html     http://validator.w3.org/check?uri=referer
searching-in-tries/simulation/docs/runtime/js/realization-catalog.html     http://validator.w3.org/check?uri=referer
searching-in-tries/simulation/docs/runtime/js/search_ex.html     http://validator.w3.org/check?uri=referer
searching-in-tries/simulation/docs/runtime/js/search_pr.html     http://validator.w3.org/check?uri=referer
searching-in-tries/simulation/docs/runtime/js/suffix_dm.html     http://validator.w3.org/check?uri=referer
searching-in-tries/simulation/docs/runtime/js/tries_main.html     http://validator.w3.org/check?uri=referer
suffix-tries/simulation/docs/runtime/css/style_main.html     http://validator.w3.org/check?uri=referer
suffix-tries/simulation/docs/runtime/html/insert_exercise.html     http://validator.w3.org/check?uri=referer
suffix-tries/simulation/docs/runtime/html/search_exercise.html     http://validator.w3.org/check?uri=referer
suffix-tries/simulation/docs/runtime/html/search_practice.html     http://validator.w3.org/check?uri=referer
suffix-tries/simulation/docs/runtime/html/suffix_demo.html     http://validator.w3.org/check?uri=referer
suffix-tries/simulation/docs/runtime/html/tries_demo.html     http://validator.w3.org/check?uri=referer
suffix-tries/simulation/docs/runtime/js/insert_ex.html     http://validator.w3.org/check?uri=referer
suffix-tries/simulation/docs/runtime/js/realization-catalog.html     http://validator.w3.org/check?uri=referer
suffix-tries/simulation/docs/runtime/js/search_ex.html     http://validator.w3.org/check?uri=referer
suffix-tries/simulation/docs/runtime/js/search_pr.html     http://validator.w3.org/check?uri=referer
suffix-tries/simulation/docs/runtime/js/suffix_dm.html     http://validator.w3.org/check?uri=referer
suffix-tries/simulation/docs/runtime/js/tries_main.html     http://validator.w3.org/check?uri=referer
